Arguments: 
  C:\Program Files\nodejs\node.exe C:\Users\Simon\AppData\Roaming\npm\node_modules\yarn\bin\yarn.js init

PATH: 
  C:\Users\Simon\bin;C:\Program Files\Git\mingw64\bin;C:\Program Files\Git\usr\local\bin;C:\Program Files\Git\usr\bin;C:\Program Files\Git\usr\bin;C:\Program Files\Git\mingw64\bin;C:\Program Files\Git\usr\bin;C:\Users\Simon\bin;C:\Program Files\PHP\v7.1;C:\Windows\system32;C:\Windows;C:\Windows\System32\Wbem;C:\Windows\System32\WindowsPowerShell\v1.0;C:\php;C:\Apache24;C:\Apache24\bin;C:\Program Files (x86)\NVIDIA Corporation\PhysX\Common;C:\WINDOWS\system32;C:\WINDOWS;C:\WINDOWS\System32\Wbem;C:\WINDOWS\System32\WindowsPowerShell\v1.0;C:\HashiCorp\Vagrant\bin;C:\ProgramData\ComposerSetup\bin;C:\Users\Simon\AppData\Local\atom\bin;C:\Users\Simon\AppData\Roaming\npm;C:\Users\Simon\AppData\Local\Microsoft\WindowsApps;C:\Users\Simon\AppData\Roaming\Composer\vendor\bin;C:\sqlite;C:\WINDOWS\system32;C:\WINDOWS;C:\WINDOWS\System32\Wbem;C:\WINDOWS\System32\WindowsPowerShell\v1.0;C:\Program Files\nodejs;C:\sqlite;C:\Users\Simon\AppData\Local\Microsoft\WindowsApps;C:\Users\Simon\AppData\Roaming\Composer\vendor\bin;C:\Users\Simon\AppData\Local\atom\bin;C:\Users\Simon\AppData\Local\Microsoft\WindowsApps;C:\Program Files\Microsoft VS Code\bin;C:\Users\Simon\AppData\Roaming\npm;C:\Program Files\Git\usr\bin\vendor_perl;C:\Program Files\Git\usr\bin\core_perl

Yarn version: 
  1.1.0

Node version: 
  8.6.0

Platform: 
  win32 x64

npm manifest: 
  No manifest

yarn manifest: 
  No manifest

Lockfile: 
  No lockfile

Trace: 
  Error: Can't answer a question unless a user TTY
      at ConsoleReporter.question (C:\Users\Simon\AppData\Roaming\npm\node_modules\yarn\lib\cli.js:86923:59)
      at Object.<anonymous> (C:\Users\Simon\AppData\Roaming\npm\node_modules\yarn\lib\cli.js:81471:38)
      at Generator.next (<anonymous>)
      at step (C:\Users\Simon\AppData\Roaming\npm\node_modules\yarn\lib\cli.js:92:30)
      at C:\Users\Simon\AppData\Roaming\npm\node_modules\yarn\lib\cli.js:103:13
      at <anonymous>
